[debug] [2021-08-02T18:34:02.215Z] ----------------------------------------------------------------------
[debug] [2021-08-02T18:34:02.222Z] Command:       E:\apps\node js\node.exe E:\apps\node js\node_modules\firebase-tools\lib\bin\firebase.js init
[debug] [2021-08-02T18:34:02.223Z] CLI Version:   9.16.0
[debug] [2021-08-02T18:34:02.223Z] Platform:      win32
[debug] [2021-08-02T18:34:02.224Z] Node Version:  v14.17.0
[debug] [2021-08-02T18:34:02.227Z] Time:          Mon Aug 02 2021 20:34:02 GMT+0200 (Eastern European Standard Time)
[debug] [2021-08-02T18:34:02.227Z] ----------------------------------------------------------------------
[debug] 
[debug] [2021-08-02T18:34:02.249Z] > command requires scopes: ["email","openid","https://www.googleapis.com/auth/cloudplatformprojects.readonly","https://www.googleapis.com/auth/firebase","https://www.googleapis.com/auth/cloud-platform"]
[debug] [2021-08-02T18:34:02.250Z] > authorizing via signed-in user (coolboxzy@gmail.com)
[info] 
     ######## #### ########  ######## ########     ###     ######  ########
     ##        ##  ##     ## ##       ##     ##  ##   ##  ##       ##
     ######    ##  ########  ######   ########  #########  ######  ######
     ##        ##  ##    ##  ##       ##     ## ##     ##       ## ##
     ##       #### ##     ## ######## ########  ##     ##  ######  ########

You're about to initialize a Firebase project in this directory:

  E:\Allworks\node js web\video_chat

[info] 
=== Project Setup
[info] 
[info] First, let's associate this project directory with a Firebase project.
[info] You can create multiple project aliases by running firebase use --add, 
[info] but for now we'll just set up a default project.
[info] 
[debug] [2021-08-02T18:35:21.470Z] >>> [apiv2][query] GET https://firebase.googleapis.com/v1beta1/projects pageSize=100
[debug] [2021-08-02T18:35:22.015Z] <<< [apiv2][status] GET https://firebase.googleapis.com/v1beta1/projects 200
[debug] [2021-08-02T18:35:22.016Z] <<< [apiv2][body] GET https://firebase.googleapis.com/v1beta1/projects [omitted]
[info] i  Using project webrtc-4ae6a (webrtc) 
[info] 
=== Hosting Setup
[info] 
[info] Your public directory is the folder (relative to your project directory) that
[info] will contain Hosting assets to be uploaded with firebase deploy. If you
[info] have a build process for your assets, use your build's output directory.
[info] 
[info] +  Wrote ./404.html 
[debug] [2021-08-02T18:36:39.642Z] >>> [apiv2][query] GET https://www.gstatic.com/firebasejs/releases.json [none]
[debug] [2021-08-02T18:36:39.926Z] <<< [apiv2][status] GET https://www.gstatic.com/firebasejs/releases.json 200
[debug] [2021-08-02T18:36:39.927Z] <<< [apiv2][body] GET https://www.gstatic.com/firebasejs/releases.json {"current":{"version":"8.8.1","browserURL":"https://www.gstatic.com/firebasejs/8.8.1/firebase.js","packageURL":"https://www.gstatic.com/firebasejs/8.8.1/firebase.tgz"},"live":{"version":"8.8","browserURL":"https://www.gstatic.com/firebasejs/live/8.8/firebase.js","packageURL":"https://www.gstatic.com/firebasejs/live/8.8/firebase.tgz"},"components":{"analytics":"https://www.gstatic.com/firebasejs/8.8.1/firebase-analytics.js","app":"https://www.gstatic.com/firebasejs/8.8.1/firebase-app.js","app-check":"https://www.gstatic.com/firebasejs/8.8.1/firebase-app-check.js","auth":"https://www.gstatic.com/firebasejs/8.8.1/firebase-auth.js","database":"https://www.gstatic.com/firebasejs/8.8.1/firebase-database.js","firestore":"https://www.gstatic.com/firebasejs/8.8.1/firebase-firestore.js","functions":"https://www.gstatic.com/firebasejs/8.8.1/firebase-functions.js","installations":"https://www.gstatic.com/firebasejs/8.8.1/firebase-installations.js","messaging":"https://www.gstatic.com/firebasejs/8.8.1/firebase-messaging.js","storage":"https://www.gstatic.com/firebasejs/8.8.1/firebase-storage.js","performance":"https://www.gstatic.com/firebasejs/8.8.1/firebase-performance.js","remote-config":"https://www.gstatic.com/firebasejs/8.8.1/firebase-remote-config.js","firestore.memory":"https://www.gstatic.com/firebasejs/8.8.1/firebase-firestore.memory.js"}}
[info] i  Skipping write of ./index.html 
[info] 
[info] i  Didn't detect a .git folder. Assuming E:\Allworks\node js web\video_chat is the project root. 
[info] i  Authorizing with GitHub to upload your service account to a GitHub repository's secrets store. 
[info] 
[info] Visit this URL on this device to log in:
[info] https://github.com/login/oauth/authorize?client_id=89cf50f02ac6aaed3484&state=965759952&redirect_uri=http%3A%2F%2Flocalhost%3A9005&scope=read%3Auser%20repo%20public_repo
[info] 
[info] Waiting for authentication...
[debug] [2021-08-02T18:37:58.542Z] >>> HTTP REQUEST POST https://github.com/login/oauth/access_token  
 {"client_id":"89cf50f02ac6aaed3484","client_secret":"3330d14abc895d9a74d5f17cd7a00711fa2c5bf0","code":"b2dca51ff38b3d0541fd","redirect_uri":"http://localhost:9005","state":"965759952"}
[debug] [2021-08-02T18:37:59.670Z] <<< HTTP RESPONSE 200 {"server":"GitHub.com","date":"Mon, 02 Aug 2021 18:37:59 GMT","content-type":"application/json; charset=utf-8","transfer-encoding":"chunked","vary":"X-PJAX, Accept-Encoding, Accept, X-Requested-With","permissions-policy":"interest-cohort=()","etag":"W/\"a6e3007f5f704f2399318e40af1d0cc7\"","cache-control":"max-age=0, private, must-revalidate","strict-transport-security":"max-age=31536000; includeSubdomains; preload","x-frame-options":"deny","x-content-type-options":"nosniff","x-xss-protection":"0","referrer-policy":"origin-when-cross-origin, strict-origin-when-cross-origin","expect-ct":"max-age=2592000, report-uri=\"https://api.github.com/_private/browser/errors\"","content-security-policy":"default-src 'none'; base-uri 'self'; block-all-mixed-content; connect-src 'self' uploads.github.com www.githubstatus.com collector.githubapp.com api.github.com github-cloud.s3.amazonaws.com github-production-repository-file-5c1aeb.s3.amazonaws.com github-production-upload-manifest-file-7fdce7.s3.amazonaws.com github-production-user-asset-6210df.s3.amazonaws.com cdn.optimizely.com logx.optimizely.com/v1/events translator.github.com wss://alive.github.com; font-src github.githubassets.com; form-action 'self' github.com gist.github.com; frame-ancestors 'none'; frame-src render.githubusercontent.com render-temp.githubusercontent.com viewscreen.githubusercontent.com; img-src 'self' data: github.githubassets.com identicons.github.com collector.githubapp.com github-cloud.s3.amazonaws.com secured-user-images.githubusercontent.com/ *.githubusercontent.com; manifest-src 'self'; media-src 'none'; script-src github.githubassets.com; style-src 'unsafe-inline' github.githubassets.com; worker-src github.com/socket-worker-3f088aa2.js gist.github.com/socket-worker-3f088aa2.js","x-github-request-id":"E355:A69D:B25ECD0:B745C9E:61083B87"}
[debug] [2021-08-02T18:37:59.690Z] >>> [apiv2][query] GET https://api.github.com/user [none]
[debug] [2021-08-02T18:38:00.370Z] <<< [apiv2][status] GET https://api.github.com/user 200
[debug] [2021-08-02T18:38:00.370Z] <<< [apiv2][body] GET https://api.github.com/user {"login":"ziad784","id":69686226,"node_id":"MDQ6VXNlcjY5Njg2MjI2","avatar_url":"https://avatars.githubusercontent.com/u/69686226?v=4","gravatar_id":"","url":"https://api.github.com/users/ziad784","html_url":"https://github.com/ziad784","followers_url":"https://api.github.com/users/ziad784/followers","following_url":"https://api.github.com/users/ziad784/following{/other_user}","gists_url":"https://api.github.com/users/ziad784/gists{/gist_id}","starred_url":"https://api.github.com/users/ziad784/starred{/owner}{/repo}","subscriptions_url":"https://api.github.com/users/ziad784/subscriptions","organizations_url":"https://api.github.com/users/ziad784/orgs","repos_url":"https://api.github.com/users/ziad784/repos","events_url":"https://api.github.com/users/ziad784/events{/privacy}","received_events_url":"https://api.github.com/users/ziad784/received_events","type":"User","site_admin":false,"name":null,"company":null,"blog":"","location":null,"email":null,"hireable":null,"bio":null,"twitter_username":null,"public_repos":7,"public_gists":0,"followers":0,"following":0,"created_at":"2020-08-14T15:09:13Z","updated_at":"2021-08-02T18:37:01Z","private_gists":0,"total_private_repos":0,"owned_private_repos":0,"disk_usage":10305,"collaborators":0,"two_factor_authentication":false,"plan":{"name":"free","space":976562499,"collaborators":0,"private_repos":10000}}
[info] 
[info] +  Success! Logged into GitHub as ziad784 
[info] 
